{"/home/user/git-projects/frontend-project-lvl2/src/gD.js": {"path":"/home/user/git-projects/frontend-project-lvl2/src/gD.js","all":false,"statementMap":{"0":{"start":{"line":1,"column":0},"end":{"line":1,"column":20}},"1":{"start":{"line":2,"column":0},"end":{"line":2,"column":23}},"2":{"start":{"line":3,"column":0},"end":{"line":3,"column":0}},"3":{"start":{"line":4,"column":0},"end":{"line":4,"column":58}},"4":{"start":{"line":5,"column":0},"end":{"line":5,"column":37}},"5":{"start":{"line":6,"column":0},"end":{"line":6,"column":32}},"6":{"start":{"line":7,"column":0},"end":{"line":7,"column":35}},"7":{"start":{"line":8,"column":0},"end":{"line":8,"column":53}},"8":{"start":{"line":9,"column":0},"end":{"line":9,"column":5}},"9":{"start":{"line":10,"column":0},"end":{"line":10,"column":5}},"10":{"start":{"line":11,"column":0},"end":{"line":11,"column":2}},"11":{"start":{"line":12,"column":0},"end":{"line":12,"column":36}},"12":{"start":{"line":13,"column":0},"end":{"line":13,"column":41}},"13":{"start":{"line":14,"column":0},"end":{"line":14,"column":26}},"14":{"start":{"line":15,"column":0},"end":{"line":15,"column":35}},"15":{"start":{"line":16,"column":0},"end":{"line":16,"column":5}},"16":{"start":{"line":17,"column":0},"end":{"line":17,"column":63}},"17":{"start":{"line":18,"column":0},"end":{"line":18,"column":54}},"18":{"start":{"line":19,"column":0},"end":{"line":19,"column":45}},"19":{"start":{"line":20,"column":0},"end":{"line":20,"column":21}},"20":{"start":{"line":21,"column":0},"end":{"line":21,"column":5}},"21":{"start":{"line":22,"column":0},"end":{"line":22,"column":19}},"22":{"start":{"line":23,"column":0},"end":{"line":23,"column":2}},"23":{"start":{"line":24,"column":0},"end":{"line":24,"column":55}},"24":{"start":{"line":25,"column":0},"end":{"line":25,"column":57}},"25":{"start":{"line":26,"column":0},"end":{"line":26,"column":57}},"26":{"start":{"line":27,"column":0},"end":{"line":27,"column":20}},"27":{"start":{"line":28,"column":0},"end":{"line":28,"column":44}},"28":{"start":{"line":29,"column":0},"end":{"line":29,"column":44}},"29":{"start":{"line":30,"column":0},"end":{"line":30,"column":38}},"30":{"start":{"line":31,"column":0},"end":{"line":31,"column":30}},"31":{"start":{"line":32,"column":0},"end":{"line":32,"column":42}},"32":{"start":{"line":33,"column":0},"end":{"line":33,"column":51}},"33":{"start":{"line":34,"column":0},"end":{"line":34,"column":14}},"34":{"start":{"line":35,"column":0},"end":{"line":35,"column":84}},"35":{"start":{"line":36,"column":0},"end":{"line":36,"column":7}},"36":{"start":{"line":37,"column":0},"end":{"line":37,"column":5}},"37":{"start":{"line":38,"column":0},"end":{"line":38,"column":5}},"38":{"start":{"line":39,"column":0},"end":{"line":39,"column":80}},"39":{"start":{"line":40,"column":0},"end":{"line":40,"column":51}},"40":{"start":{"line":41,"column":0},"end":{"line":41,"column":1}}},"s":{"0":2,"1":2,"2":2,"3":2,"4":7,"5":3,"6":1,"7":1,"8":7,"9":7,"10":7,"11":7,"12":7,"13":6,"14":6,"15":6,"16":6,"17":2,"18":1,"19":1,"20":1,"21":1,"22":1,"23":1,"24":1,"25":1,"26":1,"27":1,"28":3,"29":2,"30":1,"31":1,"32":1,"33":1,"34":1,"35":1,"36":1,"37":1,"38":1,"39":1,"40":1},"branchMap":{"0":{"type":"branch","line":1,"loc":{"start":{"line":1,"column":0},"end":{"line":39,"column":46}},"locations":[{"start":{"line":1,"column":0},"end":{"line":39,"column":46}}]},"1":{"type":"branch","line":1,"loc":{"start":{"line":1,"column":0},"end":{"line":7,"column":14}},"locations":[{"start":{"line":1,"column":0},"end":{"line":7,"column":14}}]},"2":{"type":"branch","line":4,"loc":{"start":{"line":4,"column":30},"end":{"line":7,"column":10}},"locations":[{"start":{"line":4,"column":30},"end":{"line":7,"column":10}}]},"3":{"type":"branch","line":5,"loc":{"start":{"line":5,"column":16},"end":{"line":7,"column":6}},"locations":[{"start":{"line":5,"column":16},"end":{"line":7,"column":6}}]},"4":{"type":"branch","line":8,"loc":{"start":{"line":8,"column":4},"end":{"line":19,"column":6}},"locations":[{"start":{"line":8,"column":4},"end":{"line":19,"column":6}}]},"5":{"type":"branch","line":8,"loc":{"start":{"line":8,"column":47},"end":{"line":18,"column":37}},"locations":[{"start":{"line":8,"column":47},"end":{"line":18,"column":37}}]},"6":{"type":"branch","line":12,"loc":{"start":{"line":12,"column":15},"end":{"line":13,"column":21}},"locations":[{"start":{"line":12,"column":15},"end":{"line":13,"column":21}}]},"7":{"type":"branch","line":13,"loc":{"start":{"line":13,"column":21},"end":{"line":18,"column":36}},"locations":[{"start":{"line":13,"column":21},"end":{"line":18,"column":36}}]},"8":{"type":"branch","line":19,"loc":{"start":{"line":19,"column":23},"end":{"line":39,"column":45}},"locations":[{"start":{"line":19,"column":23},"end":{"line":39,"column":45}}]},"9":{"type":"branch","line":28,"loc":{"start":{"line":28,"column":29},"end":{"line":35,"column":13}},"locations":[{"start":{"line":28,"column":29},"end":{"line":35,"column":13}}]},"10":{"type":"branch","line":29,"loc":{"start":{"line":29,"column":24},"end":{"line":35,"column":9}},"locations":[{"start":{"line":29,"column":24},"end":{"line":35,"column":9}}]},"11":{"type":"branch","line":30,"loc":{"start":{"line":30,"column":22},"end":{"line":35,"column":3}},"locations":[{"start":{"line":30,"column":22},"end":{"line":35,"column":3}}]}},"b":{"0":[1],"1":[2],"2":[7],"3":[3],"4":[2],"5":[7],"6":[1],"7":[6],"8":[1],"9":[3],"10":[2],"11":[1]},"fnMap":{"0":{"name":"addDifKeys","decl":{"start":{"line":1,"column":0},"end":{"line":7,"column":14}},"loc":{"start":{"line":1,"column":0},"end":{"line":7,"column":14}},"line":1},"1":{"name":"handlerToFormat","decl":{"start":{"line":8,"column":4},"end":{"line":19,"column":6}},"loc":{"start":{"line":8,"column":4},"end":{"line":19,"column":6}},"line":8},"2":{"name":"genDiff","decl":{"start":{"line":19,"column":23},"end":{"line":39,"column":45}},"loc":{"start":{"line":19,"column":23},"end":{"line":39,"column":45}},"line":19}},"f":{"0":2,"1":2,"2":1}}
}
