TN:
SF:src/gD.js
FN:1,genDiff
FN:29,handlerToFormat
FN:46,handlerToOutput
FNF:3
FNH:3
FNDA:1,genDiff
FNDA:2,handlerToFormat
FNDA:1,handlerToOutput
DA:1,1
DA:2,1
DA:3,1
DA:4,1
DA:5,1
DA:6,1
DA:7,1
DA:8,1
DA:9,1
DA:10,1
DA:11,1
DA:12,4
DA:13,2
DA:14,4
DA:15,1
DA:16,3
DA:17,1
DA:18,1
DA:19,3
DA:20,1
DA:21,3
DA:22,2
DA:23,2
DA:24,2
DA:25,1
DA:26,1
DA:27,1
DA:28,2
DA:29,1
DA:30,2
DA:31,2
DA:32,2
DA:33,2
DA:34,7
DA:35,7
DA:36,6
DA:37,6
DA:38,6
DA:39,6
DA:40,2
DA:41,1
DA:42,1
DA:43,1
DA:44,1
DA:45,1
DA:46,1
DA:47,1
DA:48,1
DA:49,1
DA:50,1
DA:51,1
DA:52,1
DA:53,1
DA:54,1
DA:55,1
DA:56,1
DA:57,1
LF:57
LH:57
BRDA:1,0,0,1
BRDA:1,1,0,1
BRDA:12,2,0,4
BRDA:12,3,0,2
BRDA:15,4,0,3
BRDA:16,5,0,1
BRDA:20,6,0,3
BRDA:21,7,0,2
BRDA:24,8,0,1
BRDA:29,9,0,2
BRDA:33,10,0,7
BRDA:34,11,0,1
BRDA:35,12,0,6
BRDA:46,13,0,1
BRDA:51,14,0,8
BRF:15
BRH:15
end_of_record
