TN:
SF:src/gD.js
FN:1,addDifKeys
FN:8,handlerToFormat
FN:19,genDiff
FNF:3
FNH:3
FNDA:2,addDifKeys
FNDA:2,handlerToFormat
FNDA:1,genDiff
DA:1,2
DA:2,2
DA:3,2
DA:4,2
DA:5,7
DA:6,3
DA:7,1
DA:8,1
DA:9,7
DA:10,7
DA:11,7
DA:12,7
DA:13,7
DA:14,6
DA:15,6
DA:16,6
DA:17,6
DA:18,2
DA:19,1
DA:20,1
DA:21,1
DA:22,1
DA:23,1
DA:24,1
DA:25,1
DA:26,1
DA:27,1
DA:28,1
DA:29,3
DA:30,2
DA:31,1
DA:32,1
DA:33,1
DA:34,1
DA:35,1
DA:36,1
DA:37,1
DA:38,1
DA:39,1
DA:40,1
DA:41,1
LF:41
LH:41
BRDA:1,0,0,1
BRDA:1,1,0,2
BRDA:4,2,0,7
BRDA:5,3,0,3
BRDA:8,4,0,2
BRDA:8,5,0,7
BRDA:12,6,0,1
BRDA:13,7,0,6
BRDA:19,8,0,1
BRDA:28,9,0,3
BRDA:29,10,0,2
BRDA:30,11,0,1
BRF:12
BRH:12
end_of_record
